<?xml version="1.0" encoding="utf-8"?>
<TestRun id="4abc48ca-efda-4cc2-bfce-aea2e53735dc" name="@04c1adf71938 2025-10-27 18:55:56" xmlns="http://microsoft.com/schemas/VisualStudio/TeamTest/2010">
  <Times creation="2025-10-27T18:55:56.8185711+00:00" queuing="2025-10-27T18:55:56.8185712+00:00" start="2025-10-27T18:55:53.6522192+00:00" finish="2025-10-27T18:55:59.0756056+00:00" />
  <TestSettings name="default" id="931a9137-4e05-4467-b08d-3c18c1f4b3c6">
    <Deployment runDeploymentRoot="_04c1adf71938_2025-10-27_18_55_56" />
  </TestSettings>
  <Results>
    <UnitTestResult executionId="52e57f56-52f7-4e8d-a4a2-c19cb5e82270" testId="8fc2f020-a38d-b67a-f5c2-41d422c8cd34" testName="CheckoutFlow" computerName="04c1adf71938" duration="00:00:02.2380790" startTime="2025-10-27T18:55:56.7885457+00:00" endTime="2025-10-27T18:55:59.0266240+00:00" testType="13cdc9d9-ddb5-4fa4-a97d-d965ccfc6d4b" outcome="Passed" testListId="8c84fa94-04c1-424b-9868-57a2d4851a1d" relativeResultsDirectory="52e57f56-52f7-4e8d-a4a2-c19cb5e82270">
      <Output>
        <StdOut>Given I have navigated to the Sauce Demo login page
Current Enviornment: Test
-&gt; done: StepDefinitions.GivenIHaveNavigatedToTheSauceDemoLoginPage() (0.9s)
When I have entered valid credentials
-&gt; done: StepDefinitions.WhenIHaveEnteredValidCredentials() (0.2s)
And I have selected the login button
-&gt; done: StepDefinitions.WhenIHaveSelectedTheLoginButton() (0.1s)
And I have been redirected to the Inventory Page
-&gt; done: StepDefinitions.WhenIHaveBeenRedirectedToTheInventoryPage() (0.0s)
Then I am displayed the products page
-&gt; done: StepDefinitions.ThenIAmDisplayedTheProductsPage() (0.0s)
Given I have added a Sauce Labs Backpack to the cart
-&gt; done: StepDefinitions.GivenIHaveAddedASauceLabsBackpackToTheCart() (0.1s)
When I proceed to checkout with the following information:
  --- table step argument ---
  | First Name | Last Name | Postal Code |
  | John       | Doe       | 12345       |
-&gt; done: StepDefinitions.WhenIProceedToCheckoutWithTheFollowingInformation(&lt;table&gt;) (0.7s)
Then I should see 'Sauce Labs Backpack' and the total price '$32.39' on the checkout overview page
-&gt; done: StepDefinitions.ThenIShouldSeeAndTheTotalPriceOnTheCheckoutOverviewPage("Sauce Labs Backpack", "$32.39") (0.0s)
When I complete the purchase
-&gt; done: StepDefinitions.WhenICompleteThePurchase() (0.1s)
Then I should see a confirmation message indicating the order was successful
-&gt; done: StepDefinitions.ThenIShouldSeeAConfirmationMessageIndicatingTheOrderWasSuccessful() (0.0s)</StdOut>
      </Output>
    </UnitTestResult>
    <UnitTestResult executionId="dba00a5c-81fe-45e7-8b68-4e599f6b994d" testId="dded093d-c342-ad38-b29e-da73f83ab867" testName="NegativeLoginTest" computerName="04c1adf71938" duration="00:00:01.4496190" startTime="2025-10-27T18:55:53.8931782+00:00" endTime="2025-10-27T18:55:55.3427726+00:00" testType="13cdc9d9-ddb5-4fa4-a97d-d965ccfc6d4b" outcome="Passed" testListId="8c84fa94-04c1-424b-9868-57a2d4851a1d" relativeResultsDirectory="dba00a5c-81fe-45e7-8b68-4e599f6b994d">
      <Output>
        <StdOut>Given I have navigated to the Sauce Demo login page
Current Enviornment: Test
-&gt; done: StepDefinitions.GivenIHaveNavigatedToTheSauceDemoLoginPage() (1.1s)
When I have entered invalid credentials
-&gt; done: StepDefinitions.WhenIHaveEnteredInvalidCredentials() (0.2s)
And I have selected the login button
-&gt; done: StepDefinitions.WhenIHaveSelectedTheLoginButton() (0.1s)
Then I am displayed a error message stating username and password do not match
-&gt; done: StepDefinitions.ThenIAmDisplayedAErrorMessageStatingUsernameAndPasswordDoNotMatch() (0.0s)</StdOut>
      </Output>
    </UnitTestResult>
    <UnitTestResult executionId="fbb3948b-5bf5-4b42-b876-41abcfcaefcb" testId="96916a16-3003-fdef-3dc8-bbcf21fc8684" testName="AddMultipleItemsToCart" computerName="04c1adf71938" duration="00:00:01.4412120" startTime="2025-10-27T18:55:55.3472611+00:00" endTime="2025-10-27T18:55:56.7884722+00:00" testType="13cdc9d9-ddb5-4fa4-a97d-d965ccfc6d4b" outcome="Passed" testListId="8c84fa94-04c1-424b-9868-57a2d4851a1d" relativeResultsDirectory="fbb3948b-5bf5-4b42-b876-41abcfcaefcb">
      <Output>
        <StdOut>Given I have navigated to the Sauce Demo login page
Current Enviornment: Test
-&gt; done: StepDefinitions.GivenIHaveNavigatedToTheSauceDemoLoginPage() (0.8s)
When I have entered valid credentials
-&gt; done: StepDefinitions.WhenIHaveEnteredValidCredentials() (0.2s)
And I have selected the login button
-&gt; done: StepDefinitions.WhenIHaveSelectedTheLoginButton() (0.1s)
And I have been redirected to the Inventory Page
-&gt; done: StepDefinitions.WhenIHaveBeenRedirectedToTheInventoryPage() (0.0s)
Then I am displayed the products page
-&gt; done: StepDefinitions.ThenIAmDisplayedTheProductsPage() (0.0s)
Given I am displayed the products page
-&gt; done: StepDefinitions.ThenIAmDisplayedTheProductsPage() (0.0s)
When I add the following items to the cart:
  --- table step argument ---
  | Item Name               |
  | Sauce Labs Backpack     |
  | Sauce Labs Bolt T-Shirt |
-&gt; done: StepDefinitions.WhenIAddTheFollowingItemsToTheCart(&lt;table&gt;) (0.2s)
Then the cart should contain 2 items
-&gt; done: StepDefinitions.ThenTheCartShouldContainItems(2) (0.0s)</StdOut>
      </Output>
    </UnitTestResult>
  </Results>
  <TestDefinitions>
    <UnitTest name="NegativeLoginTest" storage="/src/uiplayground/bin/debug/net8.0/uiplayground.dll" id="dded093d-c342-ad38-b29e-da73f83ab867">
      <Execution id="dba00a5c-81fe-45e7-8b68-4e599f6b994d" />
      <TestMethod codeBase="/src/UIPlayground/bin/Debug/net8.0/UIPlayground.dll" adapterTypeName="executor://nunit3testexecutor/" className="UIPlayground.Features.InvalidSauceDemoTestsFeature" name="NegativeLoginTest" />
    </UnitTest>
    <UnitTest name="AddMultipleItemsToCart" storage="/src/uiplayground/bin/debug/net8.0/uiplayground.dll" id="96916a16-3003-fdef-3dc8-bbcf21fc8684">
      <Execution id="fbb3948b-5bf5-4b42-b876-41abcfcaefcb" />
      <TestMethod codeBase="/src/UIPlayground/bin/Debug/net8.0/UIPlayground.dll" adapterTypeName="executor://nunit3testexecutor/" className="UIPlayground.Features.ValidSauceDemoTestsFeature" name="AddMultipleItemsToCart" />
    </UnitTest>
    <UnitTest name="CheckoutFlow" storage="/src/uiplayground/bin/debug/net8.0/uiplayground.dll" id="8fc2f020-a38d-b67a-f5c2-41d422c8cd34">
      <Execution id="52e57f56-52f7-4e8d-a4a2-c19cb5e82270" />
      <TestMethod codeBase="/src/UIPlayground/bin/Debug/net8.0/UIPlayground.dll" adapterTypeName="executor://nunit3testexecutor/" className="UIPlayground.Features.ValidSauceDemoTestsFeature" name="CheckoutFlow" />
    </UnitTest>
  </TestDefinitions>
  <TestEntries>
    <TestEntry testId="8fc2f020-a38d-b67a-f5c2-41d422c8cd34" executionId="52e57f56-52f7-4e8d-a4a2-c19cb5e82270" testListId="8c84fa94-04c1-424b-9868-57a2d4851a1d" />
    <TestEntry testId="dded093d-c342-ad38-b29e-da73f83ab867" executionId="dba00a5c-81fe-45e7-8b68-4e599f6b994d" testListId="8c84fa94-04c1-424b-9868-57a2d4851a1d" />
    <TestEntry testId="96916a16-3003-fdef-3dc8-bbcf21fc8684" executionId="fbb3948b-5bf5-4b42-b876-41abcfcaefcb" testListId="8c84fa94-04c1-424b-9868-57a2d4851a1d" />
  </TestEntries>
  <TestLists>
    <TestList name="Results Not in a List" id="8c84fa94-04c1-424b-9868-57a2d4851a1d" />
    <TestList name="All Loaded Results" id="19431567-8539-422a-85d7-44ee4e166bda" />
  </TestLists>
  <ResultSummary outcome="Completed">
    <Counters total="3" executed="3" passed="3" failed="0" error="0" timeout="0" aborted="0" inconclusive="0" passedButRunAborted="0" notRunnable="0" notExecuted="0" disconnected="0" warning="0" completed="0" inProgress="0" pending="0" />
    <Output>
      <StdOut>NUnit Adapter 5.2.0.0: Test execution started
Running all tests in /src/UIPlayground/bin/Debug/net8.0/UIPlayground.dll
   NUnit3TestExecutor discovered 3 of 3 NUnit test cases using Current Discovery mode, Non-Explicit run
Given I have navigated to the Sauce Demo login page
Current Enviornment: Test
-&gt; done: StepDefinitions.GivenIHaveNavigatedToTheSauceDemoLoginPage() (1.1s)
When I have entered invalid credentials
-&gt; done: StepDefinitions.WhenIHaveEnteredInvalidCredentials() (0.2s)
And I have selected the login button
-&gt; done: StepDefinitions.WhenIHaveSelectedTheLoginButton() (0.1s)
Then I am displayed a error message stating username and password do not match
-&gt; done: StepDefinitions.ThenIAmDisplayedAErrorMessageStatingUsernameAndPasswordDoNotMatch() (0.0s)

Given I have navigated to the Sauce Demo login page
Current Enviornment: Test
-&gt; done: StepDefinitions.GivenIHaveNavigatedToTheSauceDemoLoginPage() (0.8s)
When I have entered valid credentials
-&gt; done: StepDefinitions.WhenIHaveEnteredValidCredentials() (0.2s)
And I have selected the login button
-&gt; done: StepDefinitions.WhenIHaveSelectedTheLoginButton() (0.1s)
And I have been redirected to the Inventory Page
-&gt; done: StepDefinitions.WhenIHaveBeenRedirectedToTheInventoryPage() (0.0s)
Then I am displayed the products page
-&gt; done: StepDefinitions.ThenIAmDisplayedTheProductsPage() (0.0s)
Given I am displayed the products page
-&gt; done: StepDefinitions.ThenIAmDisplayedTheProductsPage() (0.0s)
When I add the following items to the cart:
  --- table step argument ---
  | Item Name               |
  | Sauce Labs Backpack     |
  | Sauce Labs Bolt T-Shirt |
-&gt; done: StepDefinitions.WhenIAddTheFollowingItemsToTheCart(&lt;table&gt;) (0.2s)
Then the cart should contain 2 items
-&gt; done: StepDefinitions.ThenTheCartShouldContainItems(2) (0.0s)

Given I have navigated to the Sauce Demo login page
Current Enviornment: Test
-&gt; done: StepDefinitions.GivenIHaveNavigatedToTheSauceDemoLoginPage() (0.9s)
When I have entered valid credentials
-&gt; done: StepDefinitions.WhenIHaveEnteredValidCredentials() (0.2s)
And I have selected the login button
-&gt; done: StepDefinitions.WhenIHaveSelectedTheLoginButton() (0.1s)
And I have been redirected to the Inventory Page
-&gt; done: StepDefinitions.WhenIHaveBeenRedirectedToTheInventoryPage() (0.0s)
Then I am displayed the products page
-&gt; done: StepDefinitions.ThenIAmDisplayedTheProductsPage() (0.0s)
Given I have added a Sauce Labs Backpack to the cart
-&gt; done: StepDefinitions.GivenIHaveAddedASauceLabsBackpackToTheCart() (0.1s)
When I proceed to checkout with the following information:
  --- table step argument ---
  | First Name | Last Name | Postal Code |
  | John       | Doe       | 12345       |
-&gt; done: StepDefinitions.WhenIProceedToCheckoutWithTheFollowingInformation(&lt;table&gt;) (0.7s)
Then I should see 'Sauce Labs Backpack' and the total price '$32.39' on the checkout overview page
-&gt; done: StepDefinitions.ThenIShouldSeeAndTheTotalPriceOnTheCheckoutOverviewPage("Sauce Labs Backpack", "$32.39") (0.0s)
When I complete the purchase
-&gt; done: StepDefinitions.WhenICompleteThePurchase() (0.1s)
Then I should see a confirmation message indicating the order was successful
-&gt; done: StepDefinitions.ThenIShouldSeeAConfirmationMessageIndicatingTheOrderWasSuccessful() (0.0s)

NUnit Adapter 5.2.0.0: Test execution complete
</StdOut>
    </Output>
  </ResultSummary>
</TestRun>